<?xml version="1.0" encoding="utf-8"?>
<TestRun id="11111111-1111-1111-1111-111111111111" name="backend" runUser="fixture" xmlns="http://microsoft.com/schemas/VisualStudio/TeamTest/2010">
  <Times creation="2026-08-03T14:00:00Z" queuing="2026-08-03T14:00:00Z" start="2026-08-03T14:00:00Z" finish="2026-08-03T14:00:03Z" />
  <Results>
    <UnitTestResult executionId="11111111-1111-1111-1111-111111111101" testId="11111111-1111-1111-1111-111111111201" testName="passes" duration="00:00:01.2500000" outcome="Passed" />
    <UnitTestResult executionId="11111111-1111-1111-1111-111111111102" testId="11111111-1111-1111-1111-111111111202" testName="fails" duration="00:00:00.5000000" outcome="Failed"><Output><ErrorInfo><Message>fixture failure</Message></ErrorInfo></Output></UnitTestResult>
    <UnitTestResult executionId="11111111-1111-1111-1111-111111111103" testId="11111111-1111-1111-1111-111111111203" testName="postgres" duration="00:00:00" outcome="NotExecuted"><Output><ErrorInfo><Message>Set NERV_IIP_TEST_POSTGRES to run the fixture.</Message></ErrorInfo></Output></UnitTestResult>
  </Results>
  <TestDefinitions>
    <UnitTest id="11111111-1111-1111-1111-111111111201" name="passes" storage="Nerv.IIP.Sample.Tests.dll"><TestMethod className="Fixture.SampleTests" name="passes" /></UnitTest>
    <UnitTest id="11111111-1111-1111-1111-111111111202" name="fails" storage="Nerv.IIP.Sample.Tests.dll"><TestMethod className="Fixture.SampleTests" name="fails" /></UnitTest>
    <UnitTest id="11111111-1111-1111-1111-111111111203" name="postgres" storage="Nerv.IIP.Sample.Tests.dll"><TestMethod className="Fixture" name="Postgres" /></UnitTest>
  </TestDefinitions>
  <ResultSummary outcome="Failed"><Counters total="3" executed="2" passed="1" failed="1" error="0" timeout="0" aborted="0" inconclusive="0" passedButRunAborted="0" notRunnable="0" notExecuted="1" disconnected="0" warning="0" completed="0" inProgress="0" pending="0" /></ResultSummary>
</TestRun>
